0 info it worked if it ends with ok
1 verbose cli [ '/opt/node-v6.11.0-linux-x64/bin/node',
1 verbose cli   '/usr/local/bin/npm',
1 verbose cli   'run',
1 verbose cli   'dev' ]
2 info using npm@3.10.10
3 info using node@v6.11.0
4 verbose run-script [ 'predev', 'dev', 'postdev' ]
5 info lifecycle NetEase-Cloud-Music-Web@1.0.0~predev: NetEase-Cloud-Music-Web@1.0.0
6 silly lifecycle NetEase-Cloud-Music-Web@1.0.0~predev: no script for predev, continuing
7 info lifecycle NetEase-Cloud-Music-Web@1.0.0~dev: NetEase-Cloud-Music-Web@1.0.0
8 verbose lifecycle NetEase-Cloud-Music-Web@1.0.0~dev: unsafe-perm in lifecycle true
9 verbose lifecycle NetEase-Cloud-Music-Web@1.0.0~dev: PATH: /opt/node-v6.11.0-linux-x64/lib/node_modules/npm/bin/node-gyp-bin:/home/killer/workspace/react/NetEase-Cloud-Music-Web/node_modules/.bin:/opt/node-v6.11.0-linux-x64/bin:/usr/local/sbin:/usr/local/bin:/usr/sbin:/usr/bin:/sbin:/bin:/usr/games:/usr/local/games:/snap/bin
10 verbose lifecycle NetEase-Cloud-Music-Web@1.0.0~dev: CWD: /home/killer/workspace/react/NetEase-Cloud-Music-Web
11 silly lifecycle NetEase-Cloud-Music-Web@1.0.0~dev: Args: [ '-c',
11 silly lifecycle   'npm run clean & npm run build-dll & webpack-dev-server' ]
12 silly lifecycle NetEase-Cloud-Music-Web@1.0.0~dev: Returned: code: 1  signal: null
13 info lifecycle NetEase-Cloud-Music-Web@1.0.0~dev: Failed to exec dev script
14 verbose stack Error: NetEase-Cloud-Music-Web@1.0.0 dev: `npm run clean & npm run build-dll & webpack-dev-server`
14 verbose stack Exit status 1
14 verbose stack     at EventEmitter.<anonymous> (/opt/node-v6.11.0-linux-x64/lib/node_modules/npm/lib/utils/lifecycle.js:255:16)
14 verbose stack     at emitTwo (events.js:106:13)
14 verbose stack     at EventEmitter.emit (events.js:191:7)
14 verbose stack     at ChildProcess.<anonymous> (/opt/node-v6.11.0-linux-x64/lib/node_modules/npm/lib/utils/spawn.js:40:14)
14 verbose stack     at emitTwo (events.js:106:13)
14 verbose stack     at ChildProcess.emit (events.js:191:7)
14 verbose stack     at maybeClose (internal/child_process.js:891:16)
14 verbose stack     at Process.ChildProcess._handle.onexit (internal/child_process.js:226:5)
15 verbose pkgid NetEase-Cloud-Music-Web@1.0.0
16 verbose cwd /home/killer/workspace/react/NetEase-Cloud-Music-Web/dist
17 error Linux 4.4.0-21-generic
18 error argv "/opt/node-v6.11.0-linux-x64/bin/node" "/usr/local/bin/npm" "run" "dev"
19 error node v6.11.0
20 error npm  v3.10.10
21 error code ELIFECYCLE
22 error NetEase-Cloud-Music-Web@1.0.0 dev: `npm run clean & npm run build-dll & webpack-dev-server`
22 error Exit status 1
23 error Failed at the NetEase-Cloud-Music-Web@1.0.0 dev script 'npm run clean & npm run build-dll & webpack-dev-server'.
23 error Make sure you have the latest version of node.js and npm installed.
23 error If you do, this is most likely a problem with the NetEase-Cloud-Music-Web package,
23 error not with npm itself.
23 error Tell the author that this fails on your system:
23 error     npm run clean & npm run build-dll & webpack-dev-server
23 error You can get information on how to open an issue for this project with:
23 error     npm bugs NetEase-Cloud-Music-Web
23 error Or if that isn't available, you can get their info via:
23 error     npm owner ls NetEase-Cloud-Music-Web
23 error There is likely additional logging output above.
24 verbose exit [ 1, true ]
